Arguments: 
  /usr/bin/node /usr/bin/yarn add -D @airbnb/prettier-config

PATH: 
  /home/exorcist/.local/bin:/home/exorcist/.local/bin:/usr/local/bin:/usr/bin:/bin:/usr/local/sbin:/usr/lib/jvm/default/bin:/usr/bin/site_perl:/usr/bin/vendor_perl:/usr/bin/core_perl:/usr/lib/jvm/default/bin:/usr/bin/site_perl:/usr/bin/vendor_perl:/usr/bin/core_perl

Yarn version: 
  1.17.3

Node version: 
  12.9.1

Platform: 
  linux x64

Trace: 
  Error: https://registry.yarnpkg.com/@airbnb%2fprettier-config: Not found
      at Request.params.callback [as _callback] (/usr/lib/node_modules/yarn/lib/cli.js:66830:18)
      at Request.self.callback (/usr/lib/node_modules/yarn/lib/cli.js:140464:22)
      at Request.emit (events.js:209:13)
      at Request.<anonymous> (/usr/lib/node_modules/yarn/lib/cli.js:141436:10)
      at Request.emit (events.js:209:13)
      at IncomingMessage.<anonymous> (/usr/lib/node_modules/yarn/lib/cli.js:141358:12)
      at Object.onceWrapper (events.js:297:20)
      at IncomingMessage.emit (events.js:214:15)
      at endReadableNT (_stream_readable.js:1178:12)
      at processTicksAndRejections (internal/process/task_queues.js:77:11)

npm manifest: 
  {
    "name": "affilate-admin-backend",
    "version": "1.0.0",
    "main": "index.js",
    "license": "MIT",
    "dependencies": {
      "amqplib": "^0.5.5",
      "jsonwebtoken": "^8.5.1",
      "koa": "^2.8.1",
      "koa-body": "^4.1.1",
      "koa-router": "^7.4.0"
    },
    "devDependencies": {
      "eslint": "^6.5.1",
      "eslint-config-airbnb-base": "^14.0.0",
      "eslint-config-prettier": "^6.3.0",
      "eslint-plugin-import": "^2.18.2",
      "eslint-plugin-prettier": "^3.1.1"
    },
    "scripts": {
      "lint": "./node_modules/eslint/bin/eslint.js ."
    }
  }

yarn manifest: 
  No manifest

Lockfile: 
  No lockfile
